DEBUG - 2025-09-10 03:35:03 --> Session: Class initialized using 'CodeIgniter\Session\Handlers\FileHandler' driver.
ERROR - 2025-09-10 03:35:14 --> Error connecting to the database: mysqli_sql_exception: No connection could be made because the target machine actively refused it in C:\xampp\htdocs\e-lais\system\Database\MySQLi\Connection.php:202
Stack trace:
#0 C:\xampp\htdocs\e-lais\system\Database\MySQLi\Connection.php(202): mysqli->real_connect('localhost', 'root', '', 'skripsi', 3306, '', 0)
#1 C:\xampp\htdocs\e-lais\system\Database\BaseConnection.php(421): CodeIgniter\Database\MySQLi\Connection->connect(false)
#2 C:\xampp\htdocs\e-lais\system\Database\BaseConnection.php(620): CodeIgniter\Database\BaseConnection->initialize()
#3 C:\xampp\htdocs\e-lais\system\Database\BaseBuilder.php(1649): CodeIgniter\Database\BaseConnection->query('SELECT `user`.*...', Array, false)
#4 C:\xampp\htdocs\e-lais\app\Models\Modelauth.php(18): CodeIgniter\Database\BaseBuilder->get()
#5 C:\xampp\htdocs\e-lais\app\Controllers\Auth.php(50): App\Models\Modelauth->login('alief12@gmail.c...', '1234')
#6 C:\xampp\htdocs\e-lais\system\CodeIgniter.php(933): App\Controllers\Auth->cek_login()
#7 C:\xampp\htdocs\e-lais\system\CodeIgniter.php(507): CodeIgniter\CodeIgniter->runController(Object(App\Controllers\Auth))
#8 C:\xampp\htdocs\e-lais\system\CodeIgniter.php(354): CodeIgniter\CodeIgniter->handleRequest(NULL, Object(Config\Cache), false)
#9 C:\xampp\htdocs\e-lais\system\Boot.php(334): CodeIgniter\CodeIgniter->run()
#10 C:\xampp\htdocs\e-lais\system\Boot.php(67): CodeIgniter\Boot::runCodeIgniter(Object(CodeIgniter\CodeIgniter))
#11 C:\xampp\htdocs\e-lais\public\index.php(56): CodeIgniter\Boot::bootWeb(Object(Config\Paths))
#12 C:\xampp\htdocs\e-lais\system\rewrite.php(44): require_once('C:\\xampp\\htdocs...')
#13 {main}

Next CodeIgniter\Database\Exceptions\DatabaseException: No connection could be made because the target machine actively refused it in C:\xampp\htdocs\e-lais\system\Database\MySQLi\Connection.php:246
Stack trace:
#0 C:\xampp\htdocs\e-lais\system\Database\BaseConnection.php(421): CodeIgniter\Database\MySQLi\Connection->connect(false)
#1 C:\xampp\htdocs\e-lais\system\Database\BaseConnection.php(620): CodeIgniter\Database\BaseConnection->initialize()
#2 C:\xampp\htdocs\e-lais\system\Database\BaseBuilder.php(1649): CodeIgniter\Database\BaseConnection->query('SELECT `user`.*...', Array, false)
#3 C:\xampp\htdocs\e-lais\app\Models\Modelauth.php(18): CodeIgniter\Database\BaseBuilder->get()
#4 C:\xampp\htdocs\e-lais\app\Controllers\Auth.php(50): App\Models\Modelauth->login('alief12@gmail.c...', '1234')
#5 C:\xampp\htdocs\e-lais\system\CodeIgniter.php(933): App\Controllers\Auth->cek_login()
#6 C:\xampp\htdocs\e-lais\system\CodeIgniter.php(507): CodeIgniter\CodeIgniter->runController(Object(App\Controllers\Auth))
#7 C:\xampp\htdocs\e-lais\system\CodeIgniter.php(354): CodeIgniter\CodeIgniter->handleRequest(NULL, Object(Config\Cache), false)
#8 C:\xampp\htdocs\e-lais\system\Boot.php(334): CodeIgniter\CodeIgniter->run()
#9 C:\xampp\htdocs\e-lais\system\Boot.php(67): CodeIgniter\Boot::runCodeIgniter(Object(CodeIgniter\CodeIgniter))
#10 C:\xampp\htdocs\e-lais\public\index.php(56): CodeIgniter\Boot::bootWeb(Object(Config\Paths))
#11 C:\xampp\htdocs\e-lais\system\rewrite.php(44): require_once('C:\\xampp\\htdocs...')
#12 {main}
CRITICAL - 2025-09-10 03:35:14 --> CodeIgniter\Database\Exceptions\DatabaseException: Unable to connect to the database.
Main connection [MySQLi]: No connection could be made because the target machine actively refused it
[Method: POST, Route: login/process]
in SYSTEMPATH\Database\BaseConnection.php on line 467.
 1 SYSTEMPATH\Database\BaseConnection.php(620): CodeIgniter\Database\BaseConnection->initialize()
 2 SYSTEMPATH\Database\BaseBuilder.php(1649): CodeIgniter\Database\BaseConnection->query('SELECT `user`.*, `jabatan`.`jabatan` as `role`
FROM `user`
LEFT JOIN `jabatan` ON `jabatan`.`id` = `user`.`role`
WHERE `email` = :email:
AND `password` = :password:', [...], false)
 3 APPPATH\Models\Modelauth.php(18): CodeIgniter\Database\BaseBuilder->get()
 4 APPPATH\Controllers\Auth.php(50): App\Models\Modelauth->login('alief12@gmail.com', '1234')
 5 SYSTEMPATH\CodeIgniter.php(933): App\Controllers\Auth->cek_login()
 6 SYSTEMPATH\CodeIgniter.php(507): CodeIgniter\CodeIgniter->runController(Object(App\Controllers\Auth))
 7 SYSTEMPATH\CodeIgniter.php(354): CodeIgniter\CodeIgniter->handleRequest(null, Object(Config\Cache), false)
 8 SYSTEMPATH\Boot.php(334): CodeIgniter\CodeIgniter->run()
 9 SYSTEMPATH\Boot.php(67): CodeIgniter\Boot::runCodeIgniter(Object(CodeIgniter\CodeIgniter))
10 FCPATH\index.php(56): CodeIgniter\Boot::bootWeb(Object(Config\Paths))
11 SYSTEMPATH\rewrite.php(44): require_once('C:\\xampp\\htdocs\\e-lais\\public\\index.php')
CRITICAL - 2025-09-10 03:42:38 --> ErrorException: Maximum execution time of 60 seconds exceeded
[Method: GET, Route: formpengajuan]
in SYSTEMPATH\Debug\Exceptions.php on line 208.
 1 [internal function]: CodeIgniter\Debug\Exceptions->shutdownHandler()
